ForegroundService/app/build/intermediates/manifest_merge_blame_file/debug/manifest-merger-blame-debug-report.txt
1<?xml version="1.0" encoding="utf-8"?>
2<manifest xmlns:android="http://schemas.android.com/apk/res/android"
3    package="com.ssafy.foregroundservice"
4    android:versionCode="1"
5    android:versionName="1.0" >
6
7    <uses-sdk
8        android:minSdkVersion="21"
8-->src\main\AndroidManifest.xml
9        android:targetSdkVersion="33" />
9-->src\main\AndroidManifest.xml
10
11    <uses-permission android:name="android.permission.FOREGROUND_SERVICE" />
11-->src\main\AndroidManifest.xml:5:5-77
11-->src\main\AndroidManifest.xml:5:22-74
12    <uses-permission android:name="android.permission.POST_NOTIFICATIONS" />
12-->src\main\AndroidManifest.xml:6:5-77
12-->src\main\AndroidManifest.xml:6:22-74
13
14    <permission
14-->[androidx.core:core:1.9.0] AndroidManifest.xml:22:5-24:47
15        android:name="com.ssafy.foregroundservice.DYNAMIC_RECEIVER_NOT_EXPORTED_PERMISSION"
15-->[androidx.core:core:1.9.0] AndroidManifest.xml:23:9-81
16        android:protectionLevel="signature" />
16-->[androidx.core:core:1.9.0] AndroidManifest.xml:24:9-44
17
18    <uses-permission android:name="com.ssafy.foregroundservice.DYNAMIC_RECEIVER_NOT_EXPORTED_PERMISSION" />
18-->[androidx.core:core:1.9.0] AndroidManifest.xml:26:5-97
18-->[androidx.core:core:1.9.0] AndroidManifest.xml:26:22-94
19
20    <application
20-->src\main\AndroidManifest.xml:8:5-50:19
21        android:allowBackup="true"
21-->src\main\AndroidManifest.xml:9:9-35
22        android:appComponentFactory="androidx.core.app.CoreComponentFactory"
22-->[androidx.core:core:1.9.0] AndroidManifest.xml:28:18-86
23        android:dataExtractionRules="@xml/data_extraction_rules"
23-->src\main\AndroidManifest.xml:10:9-65
24        android:debuggable="true"
25        android:fullBackupContent="@xml/backup_rules"
25-->src\main\AndroidManifest.xml:11:9-54
26        android:icon="@mipmap/ic_launcher"
26-->src\main\AndroidManifest.xml:12:9-43
27        android:label="@string/app_name"
27-->src\main\AndroidManifest.xml:13:9-41
28        android:roundIcon="@mipmap/ic_launcher_round"
28-->src\main\AndroidManifest.xml:14:9-54
29        android:supportsRtl="true"
29-->src\main\AndroidManifest.xml:15:9-35
30        android:testOnly="true"
31        android:theme="@style/Theme.ForegroundService" >
31-->src\main\AndroidManifest.xml:16:9-55
32        <activity
32-->src\main\AndroidManifest.xml:18:9-24:20
33            android:name="com.ssafy.foregroundservice.TimerActivity"
33-->src\main\AndroidManifest.xml:19:13-42
34            android:exported="true" >
34-->src\main\AndroidManifest.xml:20:13-36
35            <meta-data
35-->src\main\AndroidManifest.xml:21:13-23:36
36                android:name="android.app.lib_name"
36-->src\main\AndroidManifest.xml:22:17-52
37                android:value="" />
37-->src\main\AndroidManifest.xml:23:17-33
38        </activity>
39        <activity
39-->src\main\AndroidManifest.xml:25:9-31:20
40            android:name="com.ssafy.foregroundservice.NotificationActivity"
40-->src\main\AndroidManifest.xml:26:13-49
41            android:exported="false" >
41-->src\main\AndroidManifest.xml:27:13-37
42            <meta-data
42-->src\main\AndroidManifest.xml:21:13-23:36
43                android:name="android.app.lib_name"
43-->src\main\AndroidManifest.xml:22:17-52
44                android:value="" />
44-->src\main\AndroidManifest.xml:23:17-33
45        </activity>
46        <activity
46-->src\main\AndroidManifest.xml:32:9-44:20
47            android:name="com.ssafy.foregroundservice.MainActivity"
47-->src\main\AndroidManifest.xml:33:13-41
48            android:exported="true" >
48-->src\main\AndroidManifest.xml:34:13-36
49            <intent-filter>
49-->src\main\AndroidManifest.xml:35:13-39:29
50                <action android:name="android.intent.action.MAIN" />
50-->src\main\AndroidManifest.xml:36:17-69
50-->src\main\AndroidManifest.xml:36:25-66
51
52                <category android:name="android.intent.category.LAUNCHER" />
52-->src\main\AndroidManifest.xml:38:17-77
52-->src\main\AndroidManifest.xml:38:27-74
53            </intent-filter>
54
55            <meta-data
55-->src\main\AndroidManifest.xml:21:13-23:36
56                android:name="android.app.lib_name"
56-->src\main\AndroidManifest.xml:22:17-52
57                android:value="" />
57-->src\main\AndroidManifest.xml:23:17-33
58        </activity>
59
60        <service
60-->src\main\AndroidManifest.xml:46:9-49:39
61            android:name="com.ssafy.foregroundservice.StopwatchService"
61-->src\main\AndroidManifest.xml:47:13-45
62            android:enabled="true"
62-->src\main\AndroidManifest.xml:48:13-35
63            android:exported="true" />
63-->src\main\AndroidManifest.xml:49:13-36
64
65        <activity
65-->[io.github.ParkSangGwon:tedpermission:3.3.0] AndroidManifest.xml:10:9-14:67
66            android:name="com.gun0912.tedpermission.TedPermissionActivity"
66-->[io.github.ParkSangGwon:tedpermission:3.3.0] AndroidManifest.xml:11:13-75
67            android:configChanges="mcc|mnc|locale|keyboard|keyboardHidden|screenLayout|fontScale|uiMode|orientation|screenSize|layoutDirection"
67-->[io.github.ParkSangGwon:tedpermission:3.3.0] AndroidManifest.xml:12:13-144
68            android:screenOrientation="unspecified"
68-->[io.github.ParkSangGwon:tedpermission:3.3.0] AndroidManifest.xml:13:13-52
69            android:theme="@style/Theme.Transparent.Permission" />
69-->[io.github.ParkSangGwon:tedpermission:3.3.0] AndroidManifest.xml:14:13-64
70
71        <provider
71-->[io.github.ParkSangGwon:tedpermission:3.3.0] AndroidManifest.xml:16:9-19:40
72            android:name="com.gun0912.tedpermission.provider.TedPermissionProvider"
72-->[io.github.ParkSangGwon:tedpermission:3.3.0] AndroidManifest.xml:17:13-84
73            android:authorities="com.ssafy.foregroundservice.tedpermissionprovider"
73-->[io.github.ParkSangGwon:tedpermission:3.3.0] AndroidManifest.xml:18:13-73
74            android:exported="false" />
74-->[io.github.ParkSangGwon:tedpermission:3.3.0] AndroidManifest.xml:19:13-37
75        <provider
75-->[androidx.emoji2:emoji2:1.2.0] AndroidManifest.xml:24:9-32:20
76            android:name="androidx.startup.InitializationProvider"
76-->[androidx.emoji2:emoji2:1.2.0] AndroidManifest.xml:25:13-67
77            android:authorities="com.ssafy.foregroundservice.androidx-startup"
77-->[androidx.emoji2:emoji2:1.2.0] AndroidManifest.xml:26:13-68
78            android:exported="false" >
78-->[androidx.emoji2:emoji2:1.2.0] AndroidManifest.xml:27:13-37
79            <meta-data
79-->[androidx.emoji2:emoji2:1.2.0] AndroidManifest.xml:29:13-31:52
80                android:name="androidx.emoji2.text.EmojiCompatInitializer"
80-->[androidx.emoji2:emoji2:1.2.0] AndroidManifest.xml:30:17-75
81                android:value="androidx.startup" />
81-->[androidx.emoji2:emoji2:1.2.0] AndroidManifest.xml:31:17-49
82            <meta-data
82-->[androidx.lifecycle:lifecycle-process:2.4.1] AndroidManifest.xml:31:13-33:52
83                android:name="androidx.lifecycle.ProcessLifecycleInitializer"
83-->[androidx.lifecycle:lifecycle-process:2.4.1] AndroidManifest.xml:32:17-78
84                android:value="androidx.startup" />
84-->[androidx.lifecycle:lifecycle-process:2.4.1] AndroidManifest.xml:33:17-49
85        </provider>
86    </application>
87
88</manifest>